<?xml version="1.0" encoding="UTF-8"?>
<TestRun id="de984bde-3307-420f-815d-b0432db6d574" name="Brian@SPEEDYGONZALEZ 2013-01-06 12:34:05" runUser="SPEEDYGONZALEZ\Brian" xmlns="http://microsoft.com/schemas/VisualStudio/TeamTest/2010">
  <TestSettings name="Default Test Settings" id="75250506-610a-4fce-b5c0-73e664178deb">
    <Deployment runDeploymentRoot="Brian_SPEEDYGONZALEZ 2013-01-06 12_34_05">
      <DeploymentItem filename="d:\brian\my documents\visual studio 2010\Projects\btDotNet\packages\Microsoft.AspNet.WebPages.2.0.20710.0\lib\net40\System.Web.WebPages.Razor.dll" />
      <DeploymentItem filename="d:\brian\my documents\visual studio 2010\Projects\btDotNet\btDotNet\bin\btDotNet.dll" />
      <DeploymentItem filename="d:\brian\my documents\visual studio 2010\Projects\btDotNet\packages\Microsoft.AspNet.WebPages.2.0.20710.0\lib\net40\System.Web.Helpers.dll" />
      <DeploymentItem filename="d:\brian\my documents\visual studio 2010\Projects\btDotNet\packages\Microsoft.Net.Http.2.0.20710.0\lib\net40\System.Net.Http.dll" />
      <DeploymentItem filename="d:\brian\my documents\visual studio 2010\Projects\btDotNet\packages\Microsoft.AspNet.WebApi.Client.4.0.20710.0\lib\net40\System.Net.Http.Formatting.dll" />
      <DeploymentItem filename="d:\brian\my documents\visual studio 2010\Projects\btDotNet\packages\Microsoft.AspNet.Mvc.4.0.20710.0\lib\net40\System.Web.Mvc.dll" />
      <DeploymentItem filename="d:\brian\my documents\visual studio 2010\Projects\btDotNet\packages\Newtonsoft.Json.4.5.6\lib\net40\Newtonsoft.Json.dll" />
      <DeploymentItem filename="d:\brian\my documents\visual studio 2010\Projects\btDotNet\packages\Microsoft.AspNet.WebApi.Core.4.0.20710.0\lib\net40\System.Web.Http.dll" />
      <DeploymentItem filename="d:\brian\my documents\visual studio 2010\Projects\btDotNet\packages\Microsoft.Net.Http.2.0.20710.0\lib\net40\System.Net.Http.WebRequest.dll" />
      <DeploymentItem filename="d:\brian\my documents\visual studio 2010\Projects\btDotNet\packages\Microsoft.AspNet.Razor.2.0.20710.0\lib\net40\System.Web.Razor.dll" />
      <DeploymentItem filename="d:\brian\my documents\visual studio 2010\Projects\btDotNet\packages\Microsoft.AspNet.WebPages.2.0.20710.0\lib\net40\System.Web.WebPages.dll" />
      <DeploymentItem filename="d:\brian\my documents\visual studio 2010\Projects\btDotNet\packages\Microsoft.AspNet.WebPages.2.0.20710.0\lib\net40\System.Web.WebPages.Deployment.dll" />
      <DeploymentItem filename="d:\brian\my documents\visual studio 2010\Projects\btDotNet\packages\Microsoft.Web.Infrastructure.1.0.0.0\lib\net40\Microsoft.Web.Infrastructure.dll" />
      <DeploymentItem filename="d:\brian\my documents\visual studio 2010\Projects\btDotNet\packages\Microsoft.AspNet.WebApi.WebHost.4.0.20710.0\lib\net40\System.Web.Http.WebHost.dll" />
    </Deployment>
    <Execution>
      <TestTypeSpecific />
      <AgentRule name="Execution Agents">
      </AgentRule>
    </Execution>
  </TestSettings>
  <Times creation="2013-01-06T12:34:05.0937500-05:00" queuing="2013-01-06T12:34:05.9531250-05:00" start="2013-01-06T12:34:05.9531250-05:00" finish="2013-01-06T12:34:07.5312500-05:00" />
  <ResultSummary outcome="Warning">
    <Counters total="1" executed="1" passed="1" error="0" failed="0" timeout="0" aborted="0" inconclusive="0" passedButRunAborted="0" notRunnable="0" notExecuted="0" disconnected="0" warning="0" completed="0" inProgress="0" pending="0" />
    <RunInfos>
      <RunInfo computerName="SPEEDYGONZALEZ" outcome="Warning" timestamp="2013-01-06T12:34:05.9531250-05:00">
        <Text>Warning: Test Run deployment issue: The assembly or module 'log4net' directly or indirectly referenced by the test container 'd:\brian\my documents\visual studio 2010\projects\btdotnet\btdotnet.tests\bin\debug\btdotnet.tests.dll' was not found.</Text>
      </RunInfo>
      <RunInfo computerName="SPEEDYGONZALEZ" outcome="Warning" timestamp="2013-01-06T12:34:05.9531250-05:00">
        <Text>Warning: Test Run deployment issue: The assembly or module 'Org.Mentalis.Security.Cryptography' directly or indirectly referenced by the test container 'd:\brian\my documents\visual studio 2010\projects\btdotnet\btdotnet.tests\bin\debug\btdotnet.tests.dll' was not found.</Text>
      </RunInfo>
    </RunInfos>
  </ResultSummary>
  <TestDefinitions>
    <UnitTest name="TestIndexPageLoad" storage="d:\brian\my documents\visual studio 2010\projects\btdotnet\btdotnet.tests\bin\debug\btdotnet.tests.dll" id="d7921679-3da1-2bbc-8435-68305729c768">
      <Execution id="4ef93d62-f76b-4c15-b196-2bfad4cb3d35" />
      <TestMethod codeBase="d:/brian/my documents/visual studio 2010/Projects/btDotNet/btDotNet.Tests/bin/Debug/btDotNet.Tests.DLL" adapterTypeName="Microsoft.VisualStudio.TestTools.TestTypes.Unit.UnitTestAdapter, Microsoft.VisualStudio.QualityTools.Tips.UnitTest.Adapter, Version=10.0.0.0, Culture=neutral, PublicKeyToken=b03f5f7f11d50a3a" className="btDotNet.Tests.Controllers.HomeControllerTest, btDotNet.Tests, Version=1.0.0.0, Culture=neutral, PublicKeyToken=null" name="TestIndexPageLoad" />
    </UnitTest>
  </TestDefinitions>
  <TestLists>
    <TestList name="Results Not in a List" id="8c84fa94-04c1-424b-9868-57a2d4851a1d" />
    <TestList name="All Loaded Results" id="19431567-8539-422a-85d7-44ee4e166bda" />
  </TestLists>
  <TestEntries>
    <TestEntry testId="d7921679-3da1-2bbc-8435-68305729c768" executionId="4ef93d62-f76b-4c15-b196-2bfad4cb3d35" testListId="8c84fa94-04c1-424b-9868-57a2d4851a1d" />
  </TestEntries>
  <Results>
    <UnitTestResult executionId="4ef93d62-f76b-4c15-b196-2bfad4cb3d35" testId="d7921679-3da1-2bbc-8435-68305729c768" testName="TestIndexPageLoad" computerName="SPEEDYGONZALEZ" duration="00:00:01.3151738" startTime="2013-01-06T12:34:05.9687500-05:00" endTime="2013-01-06T12:34:07.5156250-05:00" testType="13cdc9d9-ddb5-4fa4-a97d-d965ccfc6d4b" outcome="Passed" testListId="8c84fa94-04c1-424b-9868-57a2d4851a1d" relativeResultsDirectory="4ef93d62-f76b-4c15-b196-2bfad4cb3d35">
    </UnitTestResult>
  </Results>
</TestRun>